<?xml version="1.0" encoding="UTF-8"?>
<testng-results ignored="0" total="1" passed="1" failed="0" skipped="0">
  <reporter-output>
  </reporter-output>
  <suite started-at="2021-02-08T20:57:46 IST" name="Surefire suite" finished-at="2021-02-08T20:57:46 IST" duration-ms="25">
    <groups>
    </groups>
    <test started-at="2021-02-08T20:57:46 IST" name="Surefire test" finished-at="2021-02-08T20:57:46 IST" duration-ms="25">
      <class name="qatesting.Mavenjava.AppTest">
        <test-method signature="shouldAnswerWithTrue()" started-at="2021-02-08T20:57:46 IST" name="shouldAnswerWithTrue" finished-at="2021-02-08T20:57:46 IST" duration-ms="3" status="PASS">
          <reporter-output>
          </reporter-output>
        </test-method> <!-- shouldAnswerWithTrue -->
      </class> <!-- qatesting.Mavenjava.AppTest -->
    </test> <!-- Surefire test -->
  </suite> <!-- Surefire suite -->
</testng-results>
