<?xml version="1.0" encoding="UTF-8"?>
<!-- Generated by org.testng.reporters.JUnitXMLReporter -->
<testsuite ignored="0" hostname="LAPTOP-KTRJ9C90" failures="1" tests="1" name="Validating title in the page(failed)" time="7.399" errors="0" timestamp="2021-02-28T18:52:55 IST">
  <testcase classname="e2eproject.ValidTitle" name="basePageNavigation" time="0.072">
    <failure type="java.lang.AssertionError" message="expected [FEATURED COUd123RSES] but found [FEATURED COURSES]">
      <![CDATA[java.lang.AssertionError: expected [FEATURED COUd123RSES] but found [FEATURED COURSES]
at e2eproject.ValidTitle.basePageNavigation(ValidTitle.java:39)
at java.base/java.util.ArrayList.forEach(ArrayList.java:1541)
... Removed 33 stack frames]]>
    </failure>
  </testcase> <!-- basePageNavigation -->
</testsuite> <!-- Validating title in the page(failed) -->
