<?xml version="1.0" encoding="UTF-8"?>
<!-- Generated by org.testng.reporters.JUnitXMLReporter -->
<testsuite ignored="0" hostname="LAPTOP-KTRJ9C90" failures="0" tests="4" name="Test" time="75.524" errors="0" timestamp="2021-02-28T15:22:08 IST">
  <testcase classname="e2eproject.HomePage" name="basePageNavigation" time="16.029"/>
  <testcase classname="e2eproject.HomePage" name="basePageNavigation" time="21.482"/>
  <testcase classname="e2eproject.ValidateTitle" name="basePageNavigation" time="0.038"/>
  <testcase classname="e2eproject.validateNavigation" name="basePageNavigation" time="0.052"/>
</testsuite> <!-- Test -->
