<?xml version="1.0" encoding="UTF-8"?>
<!-- Generated by org.testng.reporters.JUnitXMLReporter -->
<testsuite ignored="2" hostname="LAPTOP-KTRJ9C90" failures="1" tests="1" name="Test(failed)" time="0.032" errors="0" timestamp="2021-02-12T09:45:54 IST">
  <testcase classname="Practice.day3" name="and" time="0.0">
    <failure type="org.testng.TestNGException" message="
Cannot inject @Test annotated Method [and] with [class java.lang.String].
For more information on native dependency injection please refer to https://testng.org/doc/documentation-main.html#native-dependency-injection">
      <![CDATA[org.testng.TestNGException: 
Cannot inject @Test annotated Method [and] with [class java.lang.String].
For more information on native dependency injection please refer to https://testng.org/doc/documentation-main.html#native-dependency-injection
at java.base/java.util.ArrayList.forEach(ArrayList.java:1511)
at java.base/java.util.concurrent.FutureTask.run(FutureTask.java:264)
at java.base/java.util.concurrent.ThreadPoolExecutor.runWorker(ThreadPoolExecutor.java:1130)
at java.base/java.util.concurrent.ThreadPoolExecutor$Worker.run(ThreadPoolExecutor.java:630)
at java.base/java.lang.Thread.run(Thread.java:832)
... Removed 17 stack frames]]>
    </failure>
  </testcase> <!-- and -->
  <testcase classname="Practice.day3" name="sand" time="0.0">
    <ignored/>
  </testcase> <!-- sand -->
  <testcase classname="Practice.day3" name="band" time="0.0">
    <ignored/>
  </testcase> <!-- band -->
</testsuite> <!-- Test(failed) -->
