<?xml version="1.0" encoding="UTF-8"?>
<testng-results ignored="0" total="2" passed="2" failed="0" skipped="0">
  <reporter-output>
  </reporter-output>
  <suite started-at="2021-03-30T00:48:21 IST" name="Default suite" finished-at="2021-03-30T00:48:22 IST" duration-ms="715">
    <groups>
      <group name="switch">
        <method signature="deloitte.group256()[pri:0, instance:package2.deloitte@49912c99]" name="group256" class="package2.deloitte"/>
        <method signature="deloitte.listener()[pri:0, instance:package2.deloitte@49912c99]" name="listener" class="package2.deloitte"/>
      </group> <!-- switch -->
    </groups>
    <test started-at="2021-03-30T00:48:21 IST" name="Default test" finished-at="2021-03-30T00:48:22 IST" duration-ms="715">
      <class name="package2.deloitte">
        <test-method signature="group256()[pri:0, instance:package2.deloitte@49912c99]" started-at="2021-03-30T00:48:21 IST" name="group256" finished-at="2021-03-30T00:48:22 IST" duration-ms="684" status="PASS">
          <reporter-output>
          </reporter-output>
        </test-method> <!-- group256 -->
        <test-method signature="listener()[pri:0, instance:package2.deloitte@49912c99]" started-at="2021-03-30T00:48:22 IST" name="listener" finished-at="2021-03-30T00:48:22 IST" duration-ms="1" status="PASS">
          <reporter-output>
          </reporter-output>
        </test-method> <!-- listener -->
      </class> <!-- package2.deloitte -->
    </test> <!-- Default test -->
  </suite> <!-- Default suite -->
</testng-results>
