<?xml version="1.0" encoding="UTF-8"?>
<!-- Generated by org.testng.reporters.JUnitXMLReporter -->
<testsuite ignored="0" hostname="LAPTOP-KTRJ9C90" failures="1" tests="6" name="Test" time="0.07" errors="0" timestamp="2021-03-28T18:04:40 IST">
  <testcase classname="package2.deloitte" name="group" time="0.011">
    <skipped/>
  </testcase> <!-- group -->
  <testcase classname="package2.deloitte" name="group" time="0.002">
    <skipped/>
  </testcase> <!-- group -->
  <testcase classname="package2.deloitte" name="group" time="0.002">
    <skipped/>
  </testcase> <!-- group -->
  <testcase classname="package2.deloitte" name="group" time="0.002">
    <skipped/>
  </testcase> <!-- group -->
  <testcase classname="package2.deloitte" name="group" time="0.002">
    <failure type="java.lang.AssertionError">
      <![CDATA[java.lang.AssertionError
at org.junit.Assert.fail(Assert.java:86)
at org.junit.Assert.assertTrue(Assert.java:41)
at org.junit.Assert.assertFalse(Assert.java:64)
at org.junit.Assert.assertFalse(Assert.java:74)
at package2.deloitte.group(deloitte.java:78)
at java.base/java.util.ArrayList.forEach(ArrayList.java:1541)
... Removed 27 stack frames]]>
    </failure>
  </testcase> <!-- group -->
  <testcase classname="package2.deloitte" name="listener" time="0.001"/>
</testsuite> <!-- Test -->
